C251 COMPILER V5.60.0,  inductance                                                         10/06/25  05:13:47  PAGE 1   


C251 COMPILER V5.60.0, COMPILATION OF MODULE inductance
OBJECT MODULE PLACED IN .\Out_File\inductance.obj
COMPILER INVOKED BY: F:\keil5\C251\BIN\C251.EXE inductance.c LARGE INTR2 WARNINGLEVEL(3) OPTIMIZE(0,SPEED) BROWSE INCDIR
                    -(..\..\Libraries\libraries;..\..\Libraries\seekfree_libraries;..\..\Libraries\seekfree_peripheral;..\CODE;..\USER\inc;..
                    -\USER\src;..\..\Libraries\seekfree_components) DEBUG PRINT(.\Out_File\inductance.lst) OBJECT(.\Out_File\inductance.obj) 

stmt  level    source

    1          #include "inductance.h"
    2          
    3          #define MAX_TRANSVERSE 2000
    4          #define MAX_PORTRAINT 2000
    5          
    6          uint8 cnt = 0;
    7          float AD_ONE_last = 100.0;
    8          uint8 flag1 = 0;
    9          
   10          /* ЕчИаЪ§Он */
   11          adc_struct aaddcc = {0}; // ЖЈвхЕчИаadcВЩМЏНсЙЙЬх
   12          
   13          float MAX_ADC[NUM] = {MAX_TRANSVERSE, MAX_PORTRAINT, 3700,  MAX_TRANSVERSE, MAX_PORTRAINT};// УПДЮИќЛЛЕчИ
             -аКЭШќЕРКѓашвЊЕїећ
   14          //float MAX_ADC[NUM] = {MAX_TRANSVERSE, MAX_PORTRAINT,3700,  MAX_TRANSVERSE, MAX_PORTRAINT};
   15          uint16 AD_value[NUM][5];  
   16          //uint16 AD_value[NUM][4];                                                                   // д­ЪМВЩМЏЕ
             -чИаЪ§
   17          uint16 ad_ave[NUM] = {0};                                                                  // ТЫВЈДІРэКѓЕ
             -ФЕчИа
   18          float AD_ONE[NUM] = {0};                                                                   // ЙщвЛЛЏКѓЕФЕ
             -чИа
   19          uint16 middle[3] = {0}; 
   20          float adc_left_dir = 0.0;
   21          float adc_right_dir = 0.0;
   22          
   23          float A_, B_, C_;
   24          
   25          void direction_adc_init(void) // ЕчИаЃЈADCЃЉГѕЪМЛЏ
   26          {
   27   1          adc_init(ADC_P00, ADC_SYSclk_DIV_2); //  in1гвКс
   28   1          adc_init(ADC_P01, ADC_SYSclk_DIV_2); // in2гвЧА
   29   1      
   30   1         adc_init(ADC_P05, ADC_SYSclk_DIV_2); //  in3зѓКс
   31   1      
   32   1          adc_init(ADC_P06, ADC_SYSclk_DIV_2); //  in4зѓЧА
   33   1          //adc_init(ADC_P13, ADC_SYSclk_DIV_2); //  in5жа
   34   1              
   35   1              //здМКЕФАхзгДгзѓЕНгв  00 01 05 06 13
   36   1      
   37   1       //   adc_init(ADC_P16, ADC_SYSclk_DIV_2); // tof*/
   38   1      }
   39          
   40          //--------------------------------ADC
   41          // ADCВЩМЏЪ§ОнЃЌЙщвЛЛЏЃЌВюБШКЭЧѓГіerrorГЬађ  
   42          void direction_adc_get(void)
   43          {
   44   1          int i, j, k;   // УАХнгУjk
   45   1          uint16 adtemp; // УАХнХХађжаЕФЬнзгБфСП
   46   1      //    uint8 cnt = 0;
   47   1      //      float AD_ONE_last = 100.0;
   48   1      
   49   1          // middle[2] = middle[1];
   50   1          // middle[1] = middle[0];
   51   1          for (i = 0; i < 5; i++) // 6ТЗЕчИаЃЌУПТЗВЩМЏ5ИіжЕНјаавЛДЮДІРэ
   52   1          {
   53   2              AD_value[0][i] = adc_once(ADC_P05, ADC_12BIT); // зѓКс
C251 COMPILER V5.60.0,  inductance                                                         10/06/25  05:13:47  PAGE 2   

   54   2              AD_value[1][i] = adc_once(ADC_P06, ADC_12BIT); // зѓЪњ
   55   2      
   56   2            //  AD_value[2][i] = adc_once(ADC_P13, ADC_12BIT); // жаКсЕчИа
   57   2      
   58   2              AD_value[3][i] = adc_once(ADC_P00, ADC_12BIT); // гвКс
   59   2              AD_value[4][i] = adc_once(ADC_P01, ADC_12BIT); // гвЪњ
   60   2      //                       AD_value[0][i] = adc_once(ADC_P13, ADC_12BIT); // зѓКс
   61   2      //        AD_value[1][i] = adc_once(ADC_P06, ADC_12BIT); // зѓЪњ
   62   2      
   63   2      //        AD_value[2][i] = adc_once(ADC_P05, ADC_12BIT); // жаКсЕчИа
   64   2      
   65   2      //        AD_value[3][i] = adc_once(ADC_P00, ADC_12BIT); // гвКс
   66   2      //        AD_value[4][i] = adc_once(ADC_P01, ADC_12BIT); // гвЪњ
   67   2          }
   68   1      
   69   1          // НЋУПвЛТЗЕФ5ИіжЕНјааУАХнХХађ
   70   1          for (i = 0; i < NUM; i++)
   71   1          {
   72   2              for (j = 0; j < 4; j++)
   73   2              {
   74   3                  for (k = 0; k < 4 - j; k++) 
   75   3                  {
   76   4                      if (AD_value[i][k] > AD_value[i][k + 1])
   77   4                      {
   78   5                          adtemp = AD_value[i][k];
   79   5                          AD_value[i][k] = AD_value[i][k + 1];
   80   5                          AD_value[i][k + 1] = adtemp;
   81   5                      }
   82   4                  }
   83   3              }
   84   2          }
   85   1      
   86   1          // ШЅЕєЪзЮВЪ§ОнЃЌжаМфШ§ИіШЁЦНОљ
   87   1          for (i = 0; i < NUM; i++)
   88   1          {
   89   2              ad_ave[i] = (AD_value[i][1] + AD_value[i][2] + AD_value[i][3]) * 0.333;
   90   2      //        if (ad_ave[i] > MAX_ADC[i])
   91   2      //            MAX_ADC[i] = ad_ave[i];
   92   2          }
   93   1      
   94   1          // middle[0] = ad_ave[2];
   95   1      
   96   1          // ЙщвЛЛЏ normalization
   97   1          for (i = 0; i < NUM; i++)
   98   1          {
   99   2              if (MAX_ADC[i] == 0)
  100   2              {
  101   3                  MAX_ADC[i] = 1; // ЗРжЙГ§вд0ЕФЧщПі
  102   3              }
  103   2              AD_ONE[i] = (float)(ad_ave[i] / MAX_ADC[i]);
  104   2              if (AD_ONE[i] < 0.0)
  105   2                  AD_ONE[i] = 0.001;
  106   2              if (AD_ONE[i] > 1.0)
  107   2                  AD_ONE[i] = 1.0;
  108   2              AD_ONE[i] = 100 * AD_ONE[i];
  109   2          }
  110   1      
  111   1      //    // if (middle[0] > 2300 && middle[0] < 3500 && flag == 0 && middle[1] > 2200 && middle[2] > 2200 &&
             - middle[0] > middle[1] && middle[1] > middle[2] 
  112   1      //      //      && (ad_ave[0]>2800||ad_ave[3]>2800) )// ЛЗЕКХаЖЯ
  113   1      
  114   1              // ЛЗЕКХаЖЯ
  115   1      //    if (flag == 0 && flag1 == 0 && AD_ONE[0] >= 20 && AD_ONE[3] >= 20) { //ЛЗЕК
  116   1      //        encoder_temp = encoder_ave;
  117   1      //              
  118   1      //              
C251 COMPILER V5.60.0,  inductance                                                         10/06/25  05:13:47  PAGE 3   

  119   1      //        if (AD_ONE[1] >= AD_ONE[4] * 2 && AD_ONE[1] >= 30) {
  120   1      //                      flag = 2;
  121   1      //                      flag1 = 1;  //ПижЦБрТыЦїжЕжЛМЧТМЕквЛДЮМьВтЕНЛЗЕК
  122   1      //                      flag_huandao = 0;
  123   1      //              }
  124   1      //        if (AD_ONE[4] >= AD_ONE[1] * 2 && AD_ONE[4] >= 30) {
  125   1      //                      flag = 2;
  126   1      //                      flag1 = 1;  //ПижЦБрТыЦїжЕжЛМЧТМЕквЛДЮМьВтЕНЛЗЕК
  127   1      //                      flag_huandao = 1;
  128   1      //              }
  129   1      //    }
  130   1          
  131   1      //     if (flag == 0 && flag1 == 0 && AD_ONE[0] >= 55)
  132   1      //     {
  133   1      // //           flag1 = 1;
  134   1      // //           if (AD_ONE[0] > AD_ONE_last)  cnt++;
  135   1      // //           else  cnt = 0;
  136   1      // //           
  137   1      // //           if (cnt >= 5) {
  138   1      // //                   cnt = 0;
  139   1      //             flag1 = 1; //ПижЦБрТыЦїжЕжЛМЧТМЕквЛДЮМьВтЕНЛЗЕК
  140   1      //                      encoder_temp = encoder_ave;
  141   1      //                      flag_huandao = 0; //зѓЛЗЕК
  142   1      //                      flag = 2;
  143   1      // //           }
  144   1      //              AD_ONE_last = AD_ONE[0];
  145   1      //     }
  146   1      
  147   1      //     if (flag == 0 && flag1 ==0 && AD_ONE[] >= 55) {
  148   1      // //           if (AD_ONE[3] > AD_ONE_last)  cnt++;
  149   1      // //           else  cnt = 0;
  150   1      // //           
  151   1      // //           if (cnt >= 5) {
  152   1      // //                   cnt = 0;
  153   1      //                      encoder_temp = encoder_ave;
  154   1      //                      flag_huandao = 1; //гвЛЗЕК
  155   1      //                      flag = 2;
  156   1      // //           }
  157   1      //              AD_ONE_last = AD_ONE[3];
  158   1      //     }
  159   1              
  160   1              // ВюБШКЭМЦЫу
  161   1          aaddcc.last_err_dir = aaddcc.err_dir;
  162   1      
  163   1          if (AD_ONE[0] + AD_ONE[1] + AD_ONE[3] + AD_ONE[4] < 4)
  164   1          {
  165   2              aaddcc.err_dir = 0;
  166   2          }
  167   1      
  168   1          else
  169   1          {         
  170   2              adc_left_dir = sqrt(A_ * AD_ONE[0] * AD_ONE[0] + B_ * AD_ONE[1] * AD_ONE[1]);
  171   2                      adc_right_dir = sqrt(A_ * AD_ONE[3] * AD_ONE[3] + B_ *   AD_ONE[4] * AD_ONE[4]);
  172   2                      //adc_left_dir = sqrt(AD_ONE[0] * AD_ONE[0]);
  173   2                      //adc_right_dir = sqrt(AD_ONE[4] * AD_ONE[4]); 
  174   2                        
  175   2              aaddcc.err_dir = 50 * ((adc_left_dir - adc_right_dir) / (adc_left_dir + adc_right_dir));
  176   2              
  177   2          }
  178   1      //      else {
  179   1      //              aaddcc.err_dir = 20 * (A_ * (AD_ONE[0] - AD_ONE[3]) + B_ * (AD_ONE[1] - AD_ONE[4])) /
  180   1      //                                                        (A_ * (AD_ONE[0] + AD_ONE[3]) + C_ * fabs(AD_ONE[1] - AD_ONE[4]));
  181   1      //      }
  182   1      }


C251 COMPILER V5.60.0,  inductance                                                         10/06/25  05:13:47  PAGE 4   

Module Information          Static   Overlayable
------------------------------------------------
  code size            =      1543     ------
  ecode size           =    ------     ------
  data size            =    ------     ------
  idata size           =    ------     ------
  pdata size           =    ------     ------
  xdata size           =       152     ------
  xdata-const size     =    ------     ------
  edata size           =    ------     ------
  bit size             =    ------     ------
  ebit size            =    ------     ------
  bitaddressable size  =    ------     ------
  ebitaddressable size =    ------     ------
  far data size        =    ------     ------
  huge data size       =    ------     ------
  const size           =    ------     ------
  hconst size          =       132     ------
End of Module Information.


C251 COMPILATION COMPLETE.  0 WARNING(S),  0 ERROR(S)
