C251 COMPILER V5.60.0,  main                                                               10/06/25  05:13:47  PAGE 1   


C251 COMPILER V5.60.0, COMPILATION OF MODULE main
OBJECT MODULE PLACED IN .\Out_File\main.obj
COMPILER INVOKED BY: F:\keil5\C251\BIN\C251.EXE ..\USER\src\main.c LARGE INTR2 WARNINGLEVEL(3) OPTIMIZE(0,SPEED) BROWSE 
                    -INCDIR(..\..\Libraries\libraries;..\..\Libraries\seekfree_libraries;..\..\Libraries\seekfree_peripheral;..\CODE;..\USER\
                    -inc;..\USER\src;..\..\Libraries\seekfree_components) DEBUG PRINT(.\Out_File\main.lst) OBJECT(.\Out_File\main.obj) 

stmt  level    source

    1          #include "headfile.h"
    2          
    3          uint8 text[100];
    4          uint32 length;
    5          uint8 send_flag;
    6          
    7          extern uint8 timing_started_start;
    8          extern uint32 timer_cnt;
    9          
   10          void main(void)
   11          {
   12   1          board_init(); // 初始化寄存器，勿删除
   13   1          EA = 0;
   14   1              
   15   1          delay_ms(100);        // 延时100ms，等待主板其他外设上电
   16   1          ips114_init();        // 屏幕初始化
   17   1          beep_init();          // 蜂鸣器
   18   1          encoder_init();       // 编码器
   19   1          direction_adc_init(); // 电感     
   20   1          motor_driver_init_ir();  // 电机
   21   1      //      motor_driver_init_dr();
   22   1          // imu660ra_init();      // 陀螺仪
   23   1      //      offset_init();        // 零漂
   24   1          wireless_uart_init(); // 无线串口
   25   1              voltage_init();       // 电压检测
   26   1              
   27   1              while (voltage < 11500)  voltage = read_voltage();
   28   1      
   29   1          pit_timer_ms(TIM_1, 5);  // 电感、陀螺仪、编码器、串口
   30   1          pit_timer_ms(TIM_4, 5);  // 电机、电压检测、路径记忆
   31   1          DataInit();
   32   1      
   33   1          // 旧方向环
   34   1          // kp_direction = 0.5f;
   35   1          // kd_direction = 10.5f;
   36   1          // kp_direction_2 = 1.8f;
   37   1          // kd_direction_2 = 22.0f;
   38   1          // kp_direction_3 = 2.1f;
   39   1          // kd_direction_3 = 90.0f;
   40   1              
   41   1          // 新方向环
   42   1          kpa = 4.0f;   // 对应小error
   43   1          kpb = 10.0f;  // 对应大error
   44   1          kd = 30.0f;   //
   45   1              kd_imu = 0.0f;
   46   1              
   47   1          kp_motor = 58.0f; //45
   48   1          ki_motor = 5.5f; //3.35
   49   1          kd_motor = 0.0f;
   50   1              
   51   1          normal_speed = 180.0f;    // 运行速度
   52   1          speed_huandao = 150.0f; // 环岛速度
   53   1      //      s = 0.27f; // 速度策略系数
   54   1              s = 0.0f;
   55   1              
   56   1          // 电感系数
   57   1              A_ = 1.0f;
C251 COMPILER V5.60.0,  main                                                               10/06/25  05:13:47  PAGE 2   

   58   1              B_ = 5.0f;
   59   1              C_ = 0.4f;
   60   1              
   61   1          // 使能全局中断
   62   1          EA = 1;
   63   1          
   64   1          while(1)
   65   1          {
   66   2                      if(P75 == 0) // 跑车模式 开关在上
   67   2              {
   68   3                  flag_key_control = 1;
   69   3                  key_scan();
   70   3                  ui_display();
   71   3              }
   72   2              else // 显示模式 开关在下
   73   2              {
   74   3                  flag_key_control = 1;
   75   3                  ips114_show();
   76   3              }
   77   2      
   78   2              if (KEY2_PIN == 0) // 切换模式
   79   2              {
   80   3                  refresh();
   81   3                  j = 1;
   82   3      
   83   3                  timing_started_start = 1;
   84   3              }
   85   2      
   86   2              if (timer_cnt >= 200) { // 1.5s切换状态
   87   3                  flag_key_fast = !flag_key_fast;
   88   3                  flag_start = 1; // 开始跑
   89   3                  timing_started_start = 0;
   90   3                  timer_cnt = 0;
   91   3              }
   92   2      
   93   2              if (KEY3_PIN == 0) // 重置，调试用
   94   2              {
   95   3                      refresh();
   96   3                  j = 1;
   97   3              }
   98   2      
   99   2              if (KEY4_PIN == 0)  flag_stop = !flag_stop;
  100   2                      
  101   2      //              if (send_flag) {
  102   2      //                      send_flag = 0;
  103   2      //                      printf("%.2f,%.2f,%.2f,%.2f,%.2f,%.2f,",
  104   2      //  //                                  kp_direction, kd_direction,
  105   2      //  //                                  kp_direction_2, kd_direction_2,
  106   2      //                                      kpa, kpb, kd, kd_imu,
  107   2      //  //                                  kp_direction_3, kd_direction_3,
  108   2      //                                      motor_left.Kp_motor, motor_left.Ki_motor);
  109   2                              
  110   2      //                      printf("%.2f,", aaddcc.err_dir);
  111   2      
  112   2      //                      printf("%d,%d,%d,%d,%d,%d,%d,%d,%.2f,%.2f,",
  113   2      //                                      motor_left.setspeed, motor_left.encoder_data,
  114   2      //                                      motor_right.setspeed, motor_right.encoder_data,
  115   2      //                                      abs(motor_left.setspeed - motor_right.setspeed),
  116   2      //                                      (int)(motor_left.encoder_data / 0.005 / 1024 * 20 / 13 * 60),
  117   2      //                                      motor_left.duty1,
  118   2      //                                      motor_right.duty1,
  119   2      //                                      s,
  120   2      //                                      normal_speed);
  121   2                              
  122   2      //                      printf("%d,", voltage);
  123   2                                              
C251 COMPILER V5.60.0,  main                                                               10/06/25  05:13:47  PAGE 3   

  124   2      //                      printf("%.2f,%.2f,%.2f,",
  125   2      //                                      A_, B_, C_);
  126   2                                              
  127   2      //                      printf("%.2f,%.2f,%.2f,%.2f,", AD_ONE[0],AD_ONE[1],AD_ONE[3],AD_ONE[4]);
  128   2                              
  129   2      //                      printf("%.2f,", (motor_left.encoder_data + motor_right.encoder_data) / 2 / 122.5);
  130   2                                              
  131   2      //                      printf("%.2f,%.6f,%d\r\n", yaw, Gyro_offset_z, imu660ra_gyro_z);
  132   2      //              }
  133   2              if (send_flag_nav && path_point_count < path_point_count_threshold) {
  134   3                  send_flag_nav = 0;
  135   3                  printf("%d,%.2f,%.2f,%d,%.2f\r\n", path_point_count, path_points[path_point_count].distance,
  136   3                      path_points[path_point_count].yaw_relative, path_points[path_point_count].isturn, imu660r
             -a_gyro_z / 16.4f);
  137   3              }
  138   2          }
  139   1      }


Module Information          Static   Overlayable
------------------------------------------------
  code size            =       645     ------
  ecode size           =    ------     ------
  data size            =    ------     ------
  idata size           =    ------     ------
  pdata size           =    ------     ------
  xdata size           =       105     ------
  xdata-const size     =    ------     ------
  edata size           =    ------     ------
  bit size             =    ------     ------
  ebit size            =    ------     ------
  bitaddressable size  =    ------     ------
  ebitaddressable size =    ------     ------
  far data size        =    ------     ------
  huge data size       =    ------     ------
  const size           =    ------     ------
  hconst size          =        23     ------
End of Module Information.


C251 COMPILATION COMPLETE.  0 WARNING(S),  0 ERROR(S)
