C251 COMPILER V5.60.0,  zf_eeprom                                                          10/06/25  05:13:45  PAGE 1   


C251 COMPILER V5.60.0, COMPILATION OF MODULE zf_eeprom
OBJECT MODULE PLACED IN .\Out_File\zf_eeprom.obj
COMPILER INVOKED BY: F:\keil5\C251\BIN\C251.EXE ..\..\Libraries\seekfree_libraries\zf_eeprom.c LARGE INTR2 WARNINGLEVEL(
                    -3) OPTIMIZE(0,SPEED) BROWSE INCDIR(..\..\Libraries\libraries;..\..\Libraries\seekfree_libraries;..\..\Libraries\seekfree
                    -_peripheral;..\CODE;..\USER\inc;..\USER\src;..\..\Libraries\seekfree_components) DEBUG PRINT(.\Out_File\zf_eeprom.lst) O
                    -BJECT(.\Out_File\zf_eeprom.obj) 

stmt  level    source

    1          /********************************************************************************************************
             -*************
    2           * COPYRIGHT NOTICE
    3           * Copyright (c) 2020,ж№ЗЩПЦММ
    4           * All rights reserved.
    5           * ММЪѕЬжТлQQШКЃКвЛШКЃК179029047(вбТњ)  ЖўШКЃК244861897(вбТњ)  Ш§ШКЃК824575535
    6           *
    7           * вдЯТЫљгаФкШнАцШЈОљЪєж№ЗЩПЦММЫљгаЃЌЮДО­дЪаэВЛЕУгУгкЩЬвЕгУЭОЃЌ
    8           * ЛЖг­ИїЮЛЪЙгУВЂДЋВЅБОГЬађЃЌаоИФФкШнЪББиаыБЃСєж№ЗЩПЦММЕФАцШЈЩљУїЁЃ
    9           *
   10           * @file                eeprom
   11           * @company                     ГЩЖМж№ЗЩПЦММгаЯоЙЋЫО
   12           * @author              ж№ЗЩПЦММ(QQ790875685)
   13           * @version             ВщПДdocФкversionЮФМў АцБОЫЕУї
   14           * @Software            MDK FOR C251 V5.60
   15           * @Target core         STC32G12K128
   16           * @Taobao              https://seekfree.taobao.com/
   17           * @date                2020-4-14
   18           ********************************************************************************************************
             -************/
   19          #include "zf_eeprom.h"
   20          #include "board.h"
   21          #include "intrins.h"
   22          #include "zf_delay.h"
   23          #include "headfile.h"
   24          //-------------------------------------------------------------------------------------------------------
             -------------
   25          //  @brief      EEPROMДЅЗЂВйзїЃЌ
   26          //  @param      
   27          //  @return     void
   28          //  Sample usage:                       ФкВПЪЙгУгУЛЇЮоашЙиаФ
   29          //-------------------------------------------------------------------------------------------------------
             -------------
   30          void eeprom_trig(void)
   31          {
   32   1          F0 = EA;    //БЃДцШЋОжжаЖЯ
   33   1          IAP_TRIG = 0x5A;
   34   1          IAP_TRIG = 0xA5;                    //ЯШЫЭ5AHЃЌдйЫЭA5HЕНIAPДЅЗЂМФДцЦїЃЌУПДЮЖМашвЊШчДЫ
   35   1                                              //ЫЭЭъA5HКѓЃЌIAPУќСюСЂМДБЛДЅЗЂЦєЖЏ
   36   1                                              //CPUЕШД§IAPЭъГЩКѓЃЌВХЛсМЬајжДааГЬађЁЃ
   37   1          _nop_();   //гЩгкSTC32GЪЧЖрМЖСїЫЎЯпЕФжИСюЯЕЭГЃЌДЅЗЂУќСюКѓНЈвщМг4ИіNOPЃЌБЃжЄIAP_DATAЕФЪ§ОнЭъГЩзМБИ
   38   1          _nop_();
   39   1          _nop_();
   40   1          _nop_();
   41   1              
   42   1          EA = F0;    //ЛжИДШЋОжжаЖЯ
   43   1      }
   44          
   45          
   46          //-------------------------------------------------------------------------------------------------------
             -------------
   47          //  @brief      ГѕЪМЛЏEEPROM
   48          //  @param      NULL
   49          //  @return     void
   50          //  Sample usage:           
   51          //-------------------------------------------------------------------------------------------------------
C251 COMPILER V5.60.0,  zf_eeprom                                                          10/06/25  05:13:45  PAGE 2   

             -------------
   52          void iap_init(void)
   53          {
   54   1              IAP_CONTR = 0x80;               //ЪЙФмEEPROMВйзї
   55   1              iap_set_tps();                  //ЩшжУВСГ§ЕШД§ЪБМф
   56   1      
   57   1              
   58   1      }
   59          
   60          //-------------------------------------------------------------------------------------------------------
             -------------
   61          //  @brief      ЙиБеEEPROM
   62          //  @param      NULL
   63          //  @return     void
   64          //  Sample usage:           
   65          //-------------------------------------------------------------------------------------------------------
             -------------
   66          void iap_idle(void)
   67          {
   68   1              IAP_CONTR = 0;                  //ЪЇФмEEPROMВйзї
   69   1      }
   70          
   71          
   72          //-------------------------------------------------------------------------------------------------------
             -------------
   73          //  @brief      ЛёШЁEEPROMВйзїЪЇАмзДЬЌЮЛЃЌашвЊШэМўЧхСу
   74          //  @param      NULL
   75          //  @return     void
   76          //  Sample usage:           
   77          //                                                              ВйзїЪЇАмЗЕЛи1;
   78          //-------------------------------------------------------------------------------------------------------
             -------------
   79          uint8 iap_get_cmd_state(void)
   80          {
   81   1              return ((IAP_CONTR&0x01) == 0x01);
   82   1      }
   83          
   84          
   85          //-------------------------------------------------------------------------------------------------------
             -------------
   86          //  @brief      ЩшжУIAPЕШД§ЪБМф
   87          //  @param      NULL
   88          //  @return     void
   89          //  Sample usage:           
   90          //-------------------------------------------------------------------------------------------------------
             -------------
   91          void iap_set_tps(void)
   92          {
   93   1              uint8 write_time;
   94   1              write_time = (sys_clk / 1000000) ;
   95   1              IAP_TPS = write_time;
   96   1      }
   97          
   98          
   99          //-------------------------------------------------------------------------------------------------------
             -------------
  100          //  @brief      EEPROMЖСШЁЖрИізжНк
  101          //  @param      addr                    ашвЊЖСШЁЕФeepromЕижЗ
  102          //  @param      *buf                    ашвЊЖСШЁЕФЪ§ОнЕижЗ
  103          //  @param      len                             ашвЊЖСШЁЕФЪ§ОнГЄЖШ
  104          //  @return     void
  105          //  Sample usage:               uint8 str[10];
  106          //                                                              iap_read_bytes(0x00,str,10);
  107          //                                                              НЋ0x00-0x0AЕижЗжаЕФЪ§ОнЃЌЖСШЁЕНstrжаЁЃ
  108          //-------------------------------------------------------------------------------------------------------
             -------------
C251 COMPILER V5.60.0,  zf_eeprom                                                          10/06/25  05:13:45  PAGE 3   

  109          void iap_read_bytes(uint32 addr, uint8 *buf, uint16 len)
  110          {
  111   1      
  112   1              
  113   1              IAP_CMD = 1;                            //ЩшжУ IAP ЖСУќСю       
  114   1      
  115   1              while(len--)
  116   1              {
  117   2              IAP_ADDRE = 0;
  118   2                      IAP_ADDRL = addr;               //ЩшжУ IAP ЕЭЕижЗ
  119   2                      IAP_ADDRH = addr >> 8;  //ЩшжУ IAP ИпЕижЗ
  120   2                      IAP_ADDRE = addr >> 16; //ЩшжУ IAP зюИпЕижЗ
  121   2              eeprom_trig();
  122   2                      *buf++ = IAP_DATA;              //ЖС IAP Ъ§Он
  123   2                      addr++;
  124   2                      
  125   2              }
  126   1              
  127   1      }
  128          
  129          
  130          //-------------------------------------------------------------------------------------------------------
             -------------
  131          //  @brief      EEPROMаДЖрИізжНк
  132          //  @param      addr                    ашвЊаДЕФeepromЕижЗ
  133          //  @param      *buf                    ашвЊаДЕФЪ§ОнЕижЗ
  134          //  @param      len                             ашвЊаДЕФЪ§ОнГЄЖШ
  135          //  @return     void
  136          //  Sample usage:                       iap_write_bytes(0x00,(uint8 *)"0123456789",10);
  137          //                                                              НЋ"0123456789"аДШы0x00-0x0AЕижЗжа;
  138          //-------------------------------------------------------------------------------------------------------
             -------------
  139          void iap_write_bytes(uint32 addr, uint8 *buf, uint16 len)
  140          {
  141   1      
  142   1              IAP_CMD = 2;                            //ЩшжУ IAP ЖСУќСю       
  143   1              
  144   1              while(len--)
  145   1              {
  146   2              IAP_ADDRE = 0;
  147   2                      IAP_ADDRL = addr;               //ЩшжУ IAP ЕЭЕижЗ
  148   2                      IAP_ADDRH = addr >> 8;  //ЩшжУ IAP ИпЕижЗ
  149   2                      IAP_ADDRE = addr >> 16; //ЩшжУ IAP зюИпЕижЗ
  150   2                      IAP_DATA = *buf++;              //аД IAP Ъ§Он
  151   2                      addr++;
  152   2      
  153   2                      eeprom_trig();
  154   2              }
  155   1              
  156   1      }
  157          
  158          
  159          
  160          //-------------------------------------------------------------------------------------------------------
             -------------
  161          //  @brief      EEPROMВСГ§ФПБъЕижЗЫљдкЕФвЛвГЃЈ1ЩШЧј/512зжНкЃЉ
  162          //  @param      addr                    ашвЊаДЕФeepromЕижЗ
  163          //  @return     void
  164          //  Sample usage:                       iap_erase_page(0x20);
  165          //                                                              ВСГ§0x00-0x200ЕФЪ§Он
  166          //-------------------------------------------------------------------------------------------------------
             -------------
  167          void iap_erase_page(uint32 addr) 
  168          { 
  169   1      
  170   1              IAP_CMD = 3;                            //ЩшжУ IAP ВСГ§УќСю
C251 COMPILER V5.60.0,  zf_eeprom                                                          10/06/25  05:13:45  PAGE 4   

  171   1              IAP_ADDRL = addr;                       //ЩшжУ IAP ЕЭЕижЗ
  172   1              IAP_ADDRH = addr >> 8;          //ЩшжУ IAP ИпЕижЗ
  173   1              IAP_ADDRE = addr >> 16;         //ЩшжУ IAP зюИпЕижЗ
  174   1          eeprom_trig();              
  175   1              delay_ms(10);                           //ВСГ§1ЩШЧј(512зжНк)ЃКдМ4-6ms
  176   1      }
  177          
  178          
  179          
  180          ////-----------------------------------------------------------------------------------------------------
             ---------------
  181          ////  @brief      РЉеЙEEPROMаДЖрИізжНк(ЮоашВСГ§)
  182          ////  @param      addr                  ашвЊаДЕФeepromЕижЗ
  183          ////  @param      *buf                  ашвЊаДЕФЪ§ОнЕижЗ
  184          ////  @param      len                           ашвЊаДЕФЪ§ОнГЄЖШ
  185          ////  @return     void
  186          ////  Sample usage:                     extern_iap_write_bytes(0x0000,(uint8 *)"0123456789";,10);
  187          ////                                                            НЋ"0123456789"аДШы0x00-0x0AЕижЗжа;
  188          ////    @noteЃК                                         ВЛвЊПчЩШЧјЪЙгУЁЃ
  189          ////                                                            addrЕижЗЃК0-511ЮЊвЛИіЩШЧј,512-1023ЮЊвЛИіЩШЧјЃЌ1024-1535ЮЊвЛИіЩШЧјЃЌвРДЮРрЭЦЁЃ
  190          ////-----------------------------------------------------------------------------------------------------
             ---------------
  191          void extern_iap_write_bytes(uint16 addr, uint8 *buf, uint16 len)
  192          { 
  193   1              uint8 temp[512];
  194   1              uint16 i;
  195   1              
  196   1              for(i=0; i<512 ;i++)    temp[i] = 0;                    //Чх0
  197   1              iap_read_bytes(addr&0xFE00, temp, 512);                 //ЖСШЁ
  198   1              for(i=0; i<len; i++)    temp[(addr&0x1FF) + i] = buf[i];        //ИФ
  199   1              iap_erase_page(addr);                                                   //ВСГ§
  200   1              iap_write_bytes(addr&0xFE00, temp, 512);                //аДШы
  201   1      }
  202          
  203          //eepromЕижЗ
  204          //      extern_iap_write_float(0.34,2,2,0x07);
  205          //      extern_iap_write_float(300,3,1,0x10);   //70.0,14.0
  206          //      extern_iap_write_float(15,3,1,0x17);
  207          //      extern_iap_write_float(300,3,1,0x20);
  208          //      extern_iap_write_float(15,3,1,0x27);
  209          //      extern_iap_write_float(50,3,0,0x30);
  210          //      
  211          //      extern_iap_write_float(0,2,0,0x50);
  212          //  extern_iap_write_float(0,2,0,0x56);
  213          //  extern_iap_write_float(0,1,0,0x60);
  214          //  extern_iap_write_float(0,2,0,0x65);
  215          //  extern_iap_write_float(0,2,0,0x70);
  216          //  extern_iap_write_float(0,10,0,0x80);
  217          //  extern_iap_write_float(0,1,0,0x90);
  218          //  extern_iap_write_float(0,2,0,0xa0);
  219          //  extern_iap_write_float(0,2,0,0xa6);
  220          //  extern_iap_write_float(0,2,0,0xb0);
  221          //  extern_iap_write_float(0,2,0,0xb6); 
  222          //      
  223          //      extern_iap_write_float(26,3,0,0xc0);
  224          //  extern_iap_write_float(40,3,0,0xc7);
  225          //  extern_iap_write_float(40,3,0,0xd0);
  226          //  extern_iap_write_float(45,3,0,0xd7);
  227          //  extern_iap_write_float(1766,5,0,0xe0);
  228          //  extern_iap_write_float(14959,5,0,0xf0);
  229          //  extern_iap_write_float(35,3,0,0x100);
  230          //  extern_iap_write_float(270,3,0,0x107);
  231          //  extern_iap_write_float(0.86,1,2,0x110);
  232          //  extern_iap_write_float(1.14,1,2,0x117);
  233          //      extern_iap_write_float(71,3,0,0x1c7);
  234          //      
C251 COMPILER V5.60.0,  zf_eeprom                                                          10/06/25  05:13:45  PAGE 5   

  235          //  extern_iap_write_float(800,4,0,0x120);
  236          //  extern_iap_write_float(40,3,0,0x130);
  237          //  extern_iap_write_float(40,3,0,0x137);
  238          //  extern_iap_write_float(8500,5,0,0x140);
  239          //  extern_iap_write_float(7500,5,0,0x150);
  240          //  extern_iap_write_float(0.86,1,2,0x160);
  241          //  extern_iap_write_float(1.14,1,2,0x167);
  242          //      extern_iap_write_float(71,3,0,0x1c0);
  243          //      
  244          //  extern_iap_write_float(20,3,0,0x170);
  245          //  extern_iap_write_float(65,3,0,0x177);
  246          //      
  247          //  extern_iap_write_float(70,3,0,0x180);
  248          //      extern_iap_write_float(0.36,1,2,0x190);
  249          //  extern_iap_write_float(1.64,1,2,0x197);
  250          //      extern_iap_write_float(16000,5,0,0x1a0);
  251          //      extern_iap_write_float(43,3,0,0x1d0);
  252          //      
  253          //      extern_iap_write_float(1.60,1,2,0x1b0);
  254          //      extern_iap_write_float(1.60,1,2,0x1b7);
  255          
  256          //      extern_iap_write_float(50,3,0,0x1d7);
  257          //      extern_iap_write_float(10,3,0,0x1e0);
  258          //      extern_iap_write_float(20000,5,0,0x1f0);
  259          
  260          //      extern_iap_write_float(-8,3,0,0x200);
  261          //      extern_iap_write_float(8,3,0,0x207);
  262          //      extern_iap_write_float(71,3,0,0x217);
  263          //      extern_iap_write_float(400,3,0,0x220);
  264          //  extern_iap_write_float(50,3,0,0x227);
  265          //      extern_iap_write_float(0,2,0,0x230);
  266          //      extern_iap_write_float(80,3,0,0x237);
  267          //      extern_iap_write_float(10,3,0,0x240);
  268          //      extern_iap_write_float(15435,5,0,0x250);
  269          //  extern_iap_write_float(950,4,0,0x260);
  270          //      extern_iap_write_float(60,3,0,0x270);
  271          //      extern_iap_write_float(320,3,0,0x277);
  272          //      extern_iap_write_float(1,1,2,0x280);
  273          //      extern_iap_write_float(0,2,0,0x287);
  274          //      extern_iap_write_float(0,2,0,0x290);
  275          //      extern_iap_write_float(0,2,0,0x297);
  276          //      extern_iap_write_float(0,2,0,0x2a0);
  277          //      extern_iap_write_float(0,2,0,0x2a7);
  278          //      extern_iap_write_float(0,2,0,0x2b0);
  279          //      extern_iap_write_float(0,2,0,0x2b7);
  280          //      extern_iap_write_float(0,2,0,0x2c0);
  281          //      extern_iap_write_float(0,2,0,0x2c7);
  282          //      extern_iap_write_float(0,2,0,0x2d0);
  283          //      extern_iap_write_float(0,2,0,0x2d7);
  284          //      extern_iap_write_float(0,2,0,0x2e0);
  285          //      extern_iap_write_float(0,2,0,0x2e7);
  286          //      extern_iap_write_float(0,2,0,0x2f0);
  287          
  288          //extern_iap_write_float(0.15,2,2,0x00);//(30,3,1,0x00)жаЕФ30ДњБэвЊаДШыЕФЪ§ЃЌ3ДњБэећЪ§ЮЛЃЌ1ДњБэаЁЪ§ЮЛЁЃ
  289          //етОфЛАЕФвтЫМЪЧАб30зЊЛЛЮЊ"+030.0"ДцШы0x00-0x07ЕижЗжаЃЌ
  290          //вђЮЊ"+030.0"еМСљИіЕижЗЃЌМгЩЯзжЗћДЎЕФНсЪјзжЗћ'/0'ЃЌЫљвдеМСЫ8ИіЕижЗЃЌ
  291          //ЫљвдЪЧ0x00ЕН0x07,ЯТИіЪ§ОнвЊДцвдЕН0x08ЮЊЦ№ЪМЕижЗЁЃ
  292          //extern_iap_write_float(0.34,2,2,0x07);
  293          void extern_iap_write_float(double dat,uint8 num,uint8 pointnum,uint16 addr)
  294          {
  295   1        uint32   length;
  296   1              int8    buff[34];
  297   1              int8    start,end,point;
  298   1      
  299   1              if(0>dat)   
  300   1                      length = zf_sprintf( &buff[0],"%f",dat);//ИКЪ§
C251 COMPILER V5.60.0,  zf_eeprom                                                          10/06/25  05:13:45  PAGE 6   

  301   1              else
  302   1              {
  303   2                      length = zf_sprintf( &buff[1],"%f",dat);
  304   2                      length++;
  305   2              }
  306   1              point = length - 7;         //МЦЫуаЁЪ§ЕуЮЛжУ
  307   1              start = point - num - 1;    //МЦЫуЦ№ЪМЮЛ
  308   1              end = point + pointnum + 1; //МЦЫуНсЪјЮЛ
  309   1              while(0>start)//ећЪ§ЮЛВЛЙЛ  ФЉЮВгІИУЬюГфПеИё
  310   1              {
  311   2                      buff[end] = ' ';
  312   2                      end++;
  313   2                      start++;
  314   2              }
  315   1          
  316   1              if(0>dat)   buff[start] = '-';
  317   1        else        buff[start] = '+';
  318   1          
  319   1              buff[end-1] = '\0';
  320   1              buff[end] = '\n';
  321   1              extern_iap_write_bytes(addr,(uint8 *)buff,num+pointnum+3);
  322   1      }
  323          /*extern_iap_write_float(motor_left.encoder_data, 2, 2, 0x00);//ЕижЗЪЧ0x00ПЊЪМЃЌвЊЧѓећЪ§ЮЛЪ§ЮЊ2ЃЌаЁЪ§ЮЛЪ§
             -ЮЊ2                        
  324          extern_iap_write_float(motor_right.encoder_data, 2, 2, 0x08);
  325          iap_read_bytes(0x00, read_buff, 16);// ДгEEPROMжаЖСШЁЪ§ОнЕНread_buffЪ§зщжа                              
  326          wireless_uart_send_buff(read_buff, 16); */              
  327          


Module Information          Static   Overlayable
------------------------------------------------
  code size            =      1155     ------
  ecode size           =    ------     ------
  data size            =    ------     ------
  idata size           =    ------     ------
  pdata size           =    ------     ------
  xdata size           =       596     ------
  xdata-const size     =    ------     ------
  edata size           =    ------     ------
  bit size             =    ------     ------
  ebit size            =    ------     ------
  bitaddressable size  =    ------     ------
  ebitaddressable size =    ------     ------
  far data size        =    ------     ------
  huge data size       =    ------     ------
  const size           =    ------     ------
  hconst size          =         3     ------
End of Module Information.


C251 COMPILATION COMPLETE.  0 WARNING(S),  0 ERROR(S)
