C251 COMPILER V5.60.0,  zf_fifo                                                            01/05/25  21:08:47  PAGE 1   


C251 COMPILER V5.60.0, COMPILATION OF MODULE zf_fifo
OBJECT MODULE PLACED IN .\Out_File\zf_fifo.obj
COMPILER INVOKED BY: F:\keil5\C251\BIN\C251.EXE ..\..\Libraries\seekfree_libraries\zf_fifo.c LARGE INTR2 WARNINGLEVEL(3)
                    - OPTIMIZE(0,SPEED) BROWSE INCDIR(..\..\Libraries\libraries;..\..\Libraries\seekfree_libraries;..\..\Libraries\seekfree_p
                    -eripheral;..\CODE;..\USER\inc;..\USER\src;..\..\Libraries\seekfree_components) DEBUG PRINT(.\Out_File\zf_fifo.lst) OBJEC
                    -T(.\Out_File\zf_fifo.obj) 

stmt  level    source

    1          /********************************************************************************************************
             -*************
    2           * COPYRIGHT NOTICE
    3           * Copyright (c) 2020,ж№ЗЩПЦММ
    4           * All rights reserved.
    5           * ММЪѕЬжТлQQШКЃКвЛШКЃК179029047(вбТњ)  ЖўШКЃК244861897(вбТњ)  Ш§ШКЃК824575535
    6           *
    7           * вдЯТЫљгаФкШнАцШЈОљЪєж№ЗЩПЦММЫљгаЃЌЮДО­дЪаэВЛЕУгУгкЩЬвЕгУЭОЃЌ
    8           * ЛЖг­ИїЮЛЪЙгУВЂДЋВЅБОГЬађЃЌаоИФФкШнЪББиаыБЃСєж№ЗЩПЦММЕФАцШЈЩљУїЁЃ
    9           *
   10           * @file                fifo
   11           * @company                     ГЩЖМж№ЗЩПЦММгаЯоЙЋЫО
   12           * @author              ж№ЗЩПЦММ(QQ790875685)
   13           * @version             ВщПДdocФкversionЮФМў АцБОЫЕУї
   14           * @Software            MDK FOR C251 V5.60
   15           * @Target core         STC32F12K
   16           * @Taobao              https://seekfree.taobao.com/
   17           * @date                2020-4-14
   18           ********************************************************************************************************
             -************/
   19          
   20          
   21          
   22          #include "stdio.h"
   23          #include "string.h"
   24          #include "board.h"
   25          #include "zf_gpio.h"
   26          #include "zf_uart.h"
   27          #include "zf_nvic.h"
   28          #include "zf_delay.h"
   29          #include "zf_fifo.h"
   30          
   31          
   32          
   33          
   34          //-------------------------------------------------------------------------------------------------------
             -------------
   35          // КЏЪ§МђНщ     FIFO ЭЗжИеыЮЛвЦ
   36          // ВЮЪ§ЫЕУї     *fifo               FIFO ЖдЯѓжИеы
   37          // ВЮЪ§ЫЕУї     offset              ЦЋвЦСП
   38          // ЗЕЛиВЮЪ§     void
   39          // ЪЙгУЪОР§     fifo_head_offset(fifo, 1);
   40          // БИзЂаХЯЂ     БОКЏЪ§дкЮФМўФкВПЕїгУ гУЛЇВЛгУЙизЂ вВВЛПЩаоИФ
   41          //-------------------------------------------------------------------------------------------------------
             -------------
   42          static void fifo_head_offset (fifo_struct *fifo, uint32 offset)
   43          {
   44   1          fifo->head += offset;
   45   1          
   46   1          while(fifo->max <= fifo->head)                                              // ШчЙћЗЖЮЇГЌЙ§дђМѕЛКГхЧј
             -ДѓаЁ жБЕНаЁгкзюДѓЛКГхЧјДѓаЁ
   47   1          {
   48   2              fifo->head -= fifo->max;
   49   2          }
   50   1      }
   51          
C251 COMPILER V5.60.0,  zf_fifo                                                            01/05/25  21:08:47  PAGE 2   

   52          //-------------------------------------------------------------------------------------------------------
             -------------
   53          // КЏЪ§МђНщ     FIFO ЮВжИеыЮЛвЦ
   54          // ВЮЪ§ЫЕУї     *fifo               FIFO ЖдЯѓжИеы
   55          // ВЮЪ§ЫЕУї     offset              ЦЋвЦСП
   56          // ЗЕЛиВЮЪ§     void
   57          // ЪЙгУЪОР§     fifo_end_offset(fifo, 1);
   58          // БИзЂаХЯЂ     БОКЏЪ§дкЮФМўФкВПЕїгУ гУЛЇВЛгУЙизЂ вВВЛПЩаоИФ
   59          //-------------------------------------------------------------------------------------------------------
             -------------
   60          static void fifo_end_offset (fifo_struct *fifo, uint32 offset)
   61          {
   62   1          fifo->end += offset;
   63   1          
   64   1          while(fifo->max <= fifo->end)                                               // ШчЙћЗЖЮЇГЌЙ§дђМѕЛКГхЧј
             -ДѓаЁ жБЕНаЁгкзюДѓЛКГхЧјДѓаЁ
   65   1          {
   66   2              fifo->end -= fifo->max;
   67   2          }
   68   1      }
   69          
   70          //-------------------------------------------------------------------------------------------------------
             -------------
   71          // КЏЪ§МђНщ     FIFO жижУЛКГхЦї
   72          // ВЮЪ§ЫЕУї     *fifo               FIFO ЖдЯѓжИеы
   73          // ЗЕЛиВЮЪ§     void
   74          // ЪЙгУЪОР§     fifo_clear(fifo);
   75          // БИзЂаХЯЂ     ЧхПеЕБЧА FIFO ЖдЯѓЕФФкДц
   76          //-------------------------------------------------------------------------------------------------------
             -------------
   77          fifo_state_enum fifo_clear (fifo_struct *fifo)
   78          {
   79   1          //zf_assert(NULL != fifo);
   80   1          fifo_state_enum return_state = FIFO_SUCCESS;                                // ВйзїНсЙћГѕжЕ
   81   1          do
   82   1          {
   83   2      //        if(FIFO_IDLE != fifo->execution)                                        // ХаЖЯЪЧЗёЕБЧА FIFO ЪЧ
             -ЗёПеЯа
   84   2      //        {
   85   2      //            return_state = FIFO_RESET_UNDO;                                     // жижУВйзїЮДЭъГЩ
   86   2      //            break;
   87   2      //        }
   88   2              fifo->execution |= FIFO_RESET;                                          // жижУВйзїжУЮЛ
   89   2              fifo->head      = 0;                                                    // жижУ FIFO ЫљгаЪ§жЕИДЮЛ
   90   2              fifo->end       = 0;                                                    // жижУ FIFO ЫљгаЪ§жЕИДЮЛ
   91   2              fifo->reamin_size      = fifo->max;                                            // жижУ FIFO ЫљгаЪ
             -§жЕИДЮЛ
   92   2              switch(fifo->type)
   93   2              {
   94   3                  case FIFO_DATA_8BIT:    memset(fifo->buffer, 0, (uint16)fifo->max);     break;
   95   3                  case FIFO_DATA_16BIT:   memset(fifo->buffer, 0, (uint16)fifo->max * 2); break;
   96   3                  case FIFO_DATA_32BIT:   memset(fifo->buffer, 0, (uint16)fifo->max * 4); break;
   97   3              }
   98   2              fifo->execution = FIFO_IDLE;                                            // ВйзїзДЬЌИДЮЛ
   99   2          }while(0);
  100   1          return return_state;
  101   1      }
  102          
  103          //-------------------------------------------------------------------------------------------------------
             -------------
  104          // КЏЪ§МђНщ     FIFO ВщбЏЕБЧАЪ§ОнИіЪ§
  105          // ВЮЪ§ЫЕУї     *fifo               FIFO ЖдЯѓжИеы
  106          // ЗЕЛиВЮЪ§     uint32              вбЪЙгУГЄЖШ
  107          // ЪЙгУЪОР§     uint32 len = fifo_used(fifo);
  108          // БИзЂаХЯЂ
  109          //-------------------------------------------------------------------------------------------------------
C251 COMPILER V5.60.0,  zf_fifo                                                            01/05/25  21:08:47  PAGE 3   

             -------------
  110          uint32 fifo_used (fifo_struct *fifo)
  111          {
  112   1          //zf_assert(fifo != NULL);
  113   1          return (fifo->max - fifo->reamin_size);                                            // ЗЕЛиЕБЧА FIFO Л
             -КГхЧјжаЪ§ОнИіЪ§
  114   1      }
  115          
  116          //-------------------------------------------------------------------------------------------------------
             -------------
  117          // КЏЪ§МђНщ     Яђ FIFO жааДШыЪ§Он
  118          // ВЮЪ§ЫЕУї     *fifo               FIFO ЖдЯѓжИеы
  119          // ВЮЪ§ЫЕУї     dat                 Ъ§Он
  120          // ЗЕЛиВЮЪ§     fifo_state_enum     ВйзїзДЬЌ
  121          // ЪЙгУЪОР§     zf_log(fifo_write_element(&fifo, data) == FIFO_SUCCESS, "fifo_write_byte error");
  122          // БИзЂаХЯЂ
  123          //-------------------------------------------------------------------------------------------------------
             -------------
  124          fifo_state_enum fifo_write_element (fifo_struct *fifo, uint32 dat)
  125          {
  126   1          //zf_assert(NULL != fifo);
  127   1          fifo_state_enum return_state = FIFO_SUCCESS;                                // ВйзїНсЙћГѕжЕ
  128   1      
  129   1          do
  130   1          {
  131   2              if((FIFO_RESET | FIFO_WRITE) & fifo->execution)                         // ВЛдкаДШыгыжижУзДЬЌ БмУ
             -таДШыОКељгыжИЯђДэЮѓ
  132   2              {
  133   3                  return_state = FIFO_WRITE_UNDO;                                     // аДШыВйзїЮДЭъГЩ
  134   3                  break;
  135   3              }
  136   2              fifo->execution |= FIFO_WRITE;                                          // аДШыВйзїжУЮЛ
  137   2      
  138   2              if(1 <= fifo->reamin_size)                                                     // ЪЃгрПеМфзуЙЛзАЯ
             -ТБОДЮЪ§Он
  139   2              {
  140   3                  switch(fifo->type)
  141   3                  {
  142   4                      case FIFO_DATA_8BIT:    ((uint8 *)fifo->buffer)[fifo->head]  = dat;  break;
  143   4                      case FIFO_DATA_16BIT:   ((uint16 *)fifo->buffer)[fifo->head] = dat; break;
  144   4                      case FIFO_DATA_32BIT:   ((uint32 *)fifo->buffer)[fifo->head] = dat; break;
  145   4                  }
  146   3                  fifo_head_offset(fifo, 1);                                          // ЭЗжИеыЦЋвЦ
  147   3                  fifo->reamin_size -= 1;                                                    // ЛКГхЧјЪЃгрГЄЖШМ
             -ѕаЁ
  148   3              }
  149   2              else
  150   2              {
  151   3                  return_state = FIFO_SPACE_NO_ENOUGH;                                // ЕБЧА FIFO ЛКГхЧјТњ ВЛФ
             -мдйаДШыЪ§Он ЗЕЛиПеМфВЛзу
  152   3              }
  153   2              fifo->execution &= ~FIFO_WRITE;                                         // аДШыВйзїИДЮЛ
  154   2          }while(0);
  155   1      
  156   1          return return_state;
  157   1      }
  158          
  159          //-------------------------------------------------------------------------------------------------------
             -------------
  160          // КЏЪ§МђНщ     Яђ FIFO жааДШыЪ§Он
  161          // ВЮЪ§ЫЕУї     *fifo               FIFO ЖдЯѓжИеы
  162          // ВЮЪ§ЫЕУї     *dat                Ъ§ОнРДдДЛКГхЧјжИеы
  163          // ВЮЪ§ЫЕУї     length              ашвЊаДШыЕФЪ§ОнГЄЖШ
  164          // ЗЕЛиВЮЪ§     fifo_state_enum     ВйзїзДЬЌ
  165          // ЪЙгУЪОР§     zf_log(fifo_write_buffer(&fifo, data, 32) == FIFO_SUCCESS, "fifo_write_buffer error");
  166          // БИзЂаХЯЂ
C251 COMPILER V5.60.0,  zf_fifo                                                            01/05/25  21:08:47  PAGE 4   

  167          //-------------------------------------------------------------------------------------------------------
             -------------
  168          fifo_state_enum fifo_write_buffer (fifo_struct *fifo, void *dat, uint32 length)
  169          {
  170   1          //zf_assert(NULL != fifo);
  171   1          fifo_state_enum return_state = FIFO_SUCCESS;                                // ВйзїНсЙћГѕжЕ
  172   1          uint32 temp_length = 0;
  173   1          
  174   1          do
  175   1          {
  176   2              if(NULL == dat)
  177   2              {
  178   3                  return_state = FIFO_BUFFER_NULL;                                    // гУЛЇЛКГхЧјвьГЃ
  179   3                  break;
  180   3              }
  181   2              if((FIFO_RESET | FIFO_WRITE) & fifo->execution)                         // ВЛдкаДШыгыжижУзДЬЌ БмУ
             -таДШыОКељгыжИЯђДэЮѓ
  182   2              {
  183   3                  return_state = FIFO_WRITE_UNDO;                                     // аДШыВйзїЮДЭъГЩ
  184   3                  break;
  185   3              }
  186   2              fifo->execution |= FIFO_WRITE;                                          // аДШыВйзїжУЮЛ
  187   2      
  188   2              if(length <= fifo->reamin_size)                                                // ЪЃгрПеМфзуЙЛзАЯ
             -ТБОДЮЪ§Он
  189   2              {
  190   3                  temp_length = fifo->max - fifo->head;                               // МЦЫуЭЗжИеыОрРыЛКГхЧјЮВ
             -ЛЙгаЖрЩйПеМф
  191   3      
  192   3                  if(length > temp_length)                                            // ОрРыЛКГхЧјЮВГЄЖШВЛзуаД
             -ШыЪ§Он ЛЗаЮЛКГхЧјЗжЖЮВйзї
  193   3                  {
  194   4                      switch(fifo->type)
  195   4                      {
  196   5                          case FIFO_DATA_8BIT:
  197   5                          {
  198   6                              memcpy(
  199   6                                  &(((uint8 *)fifo->buffer)[fifo->head]),
  200   6                                  dat, (uint16)temp_length);                                  // ПНБДЕквЛЖЮЪ§Он
  201   6                              fifo_head_offset(fifo, temp_length);                    // ЭЗжИеыЦЋвЦ
  202   6                              memcpy(
  203   6                                  &(((uint8 *)fifo->buffer)[fifo->head]),
  204   6                                  &(((uint8 *)dat)[temp_length]),
  205   6                                  (uint16)(length - temp_length));                              // ПНБДЕкЖўЖЮЪ§
             -Он
  206   6                              fifo_head_offset(fifo, length - temp_length);           // ЭЗжИеыЦЋвЦ
  207   6                          }break;
  208   5                          case FIFO_DATA_16BIT:
  209   5                          {
  210   6                              memcpy(
  211   6                                  &(((uint16 *)fifo->buffer)[fifo->head]),
  212   6                                  dat, temp_length * 2);                              // ПНБДЕквЛЖЮЪ§Он
  213   6                              fifo_head_offset(fifo, temp_length);                    // ЭЗжИеыЦЋвЦ
  214   6                              memcpy(
  215   6                                  &(((uint16 *)fifo->buffer)[fifo->head]),
  216   6                                  &(((uint16 *)dat)[temp_length]),
  217   6                                  (length - temp_length) * 2);                        // ПНБДЕкЖўЖЮЪ§Он
  218   6                              fifo_head_offset(fifo, length - temp_length);           // ЭЗжИеыЦЋвЦ
  219   6                          }break;
  220   5                          case FIFO_DATA_32BIT:
  221   5                          {
  222   6                              memcpy(
  223   6                                  &(((uint32 *)fifo->buffer)[fifo->head]),
  224   6                                  dat, temp_length * 4);                              // ПНБДЕквЛЖЮЪ§Он
  225   6                              fifo_head_offset(fifo, temp_length);                    // ЭЗжИеыЦЋвЦ
  226   6                              memcpy(
C251 COMPILER V5.60.0,  zf_fifo                                                            01/05/25  21:08:47  PAGE 5   

  227   6                                  &(((uint32 *)fifo->buffer)[fifo->head]),
  228   6                                  &(((uint32 *)dat)[temp_length]),
  229   6                                  (length - temp_length) * 4);                        // ПНБДЕкЖўЖЮЪ§Он
  230   6                              fifo_head_offset(fifo, length - temp_length);           // ЭЗжИеыЦЋвЦ
  231   6                          }break;
  232   5                      }
  233   4                  }
  234   3                  else
  235   3                  {
  236   4                      switch(fifo->type)
  237   4                      {
  238   5                          case FIFO_DATA_8BIT:
  239   5                          {
  240   6                              memcpy(
  241   6                                  &(((uint8 *)fifo->buffer)[fifo->head]),
  242   6                                  dat, (uint16)length);                                       // вЛДЮЭъећаДШы
  243   6                              fifo_head_offset(fifo, length);                         // ЭЗжИеыЦЋвЦ
  244   6                          }break;
  245   5                          case FIFO_DATA_16BIT:
  246   5                          {
  247   6                              memcpy(
  248   6                                  &(((uint16 *)fifo->buffer)[fifo->head]),
  249   6                                  dat, length * 2);                                   // вЛДЮЭъећаДШы
  250   6                              fifo_head_offset(fifo, length);                         // ЭЗжИеыЦЋвЦ
  251   6                          }break;
  252   5                          case FIFO_DATA_32BIT:
  253   5                          {
  254   6                              memcpy(
  255   6                                  &(((uint32 *)fifo->buffer)[fifo->head]),
  256   6                                  dat, length * 4);                                   // вЛДЮЭъећаДШы
  257   6                              fifo_head_offset(fifo, length);                         // ЭЗжИеыЦЋвЦ
  258   6                          }break;
  259   5                      }
  260   4                  }
  261   3      
  262   3                  fifo->reamin_size -= length;                                               // ЛКГхЧјЪЃгрГЄЖШМ
             -ѕаЁ
  263   3              }
  264   2              else
  265   2              {
  266   3                  return_state = FIFO_SPACE_NO_ENOUGH;                                // ЕБЧА FIFO ЛКГхЧјТњ ВЛФ
             -мдйаДШыЪ§Он ЗЕЛиПеМфВЛзу
  267   3              }
  268   2              fifo->execution &= ~FIFO_WRITE;                                         // аДШыВйзїИДЮЛ
  269   2          }while(0);
  270   1      
  271   1          return return_state;
  272   1      }
  273          
  274          //-------------------------------------------------------------------------------------------------------
             -------------
  275          // КЏЪ§МђНщ     Дг FIFO ЖСШЁЪ§Он
  276          // ВЮЪ§ЫЕУї     *fifo               FIFO ЖдЯѓжИеы
  277          // ВЮЪ§ЫЕУї     *dat                ФПБъЛКГхЧјжИеы
  278          // ВЮЪ§ЫЕУї     flag                ЪЧЗёБфИќ FIFO зДЬЌ ПЩбЁдёЪЧЗёЧхПеЖСШЁЕФЪ§Он
  279          // ЗЕЛиВЮЪ§     fifo_state_enum     ВйзїзДЬЌ
  280          // ЪЙгУЪОР§     zf_log(fifo_read_element(&fifo, data, FIFO_READ_ONLY) == FIFO_SUCCESS, "fifo_read_byte er
             -ror");
  281          // БИзЂаХЯЂ
  282          //-------------------------------------------------------------------------------------------------------
             -------------
  283          fifo_state_enum fifo_read_element (fifo_struct *fifo, void *dat, fifo_operation_enum flag)
  284          {
  285   1          //zf_assert(NULL != fifo);
  286   1          fifo_state_enum return_state = FIFO_SUCCESS;                                // ВйзїНсЙћГѕжЕ
  287   1      
C251 COMPILER V5.60.0,  zf_fifo                                                            01/05/25  21:08:47  PAGE 6   

  288   1          do
  289   1          {
  290   2              if(NULL == dat)
  291   2              {
  292   3                  return_state = FIFO_BUFFER_NULL;                                    // гУЛЇЛКГхЧјвьГЃ
  293   3              }
  294   2              else
  295   2              {
  296   3                  if((FIFO_RESET | FIFO_CLEAR) & fifo->execution)                     // ХаЖЯЪЧЗёЕБЧА FIFO ЪЧЗё
             -дкжДааЧхПеЛђжижУВйзї
  297   3                  {
  298   4                      return_state = FIFO_READ_UNDO;                                  // ЖСШЁВйзїЮДЭъГЩ
  299   4                      break;
  300   4                  }
  301   3      
  302   3                  if(1 > fifo_used(fifo))
  303   3                  {
  304   4                      return_state = FIFO_DATA_NO_ENOUGH;                             // ЛКГхЧјУЛгаЪ§Он ЗЕЛиЪ§О
             -нГЄЖШВЛзу
  305   4                      break;                                                          // жБНгЭЫГіВйзї
  306   4                  }
  307   3      
  308   3                  fifo->execution |= FIFO_READ;                                       // ЖСВйзїжУЮЛ
  309   3                  switch(fifo->type)
  310   3                  {
  311   4                      case FIFO_DATA_8BIT:    *((uint8 *)dat) = ((uint8 *)fifo->buffer)[fifo->end];   break;
  312   4                      case FIFO_DATA_16BIT:   *((uint16 *)dat) = ((uint16 *)fifo->buffer)[fifo->end]; break;
  313   4                      case FIFO_DATA_32BIT:   *((uint32 *)dat) = ((uint32 *)fifo->buffer)[fifo->end]; break;
  314   4                  }
  315   3                  fifo->execution &= ~FIFO_READ;                                      // ЖСВйзїИДЮЛ
  316   3              }
  317   2      
  318   2              if(FIFO_READ_AND_CLEAN == flag)                                         // ШчЙћбЁдёЖСШЁВЂИќИФ FIF
             -O зДЬЌ
  319   2              {
  320   3                  if((FIFO_RESET | FIFO_CLEAR | FIFO_READ) == fifo->execution)        // ВЛдк жижУ ЧхПе ЖСШЁ зД
             -ЬЌ БмУтвьГЃ
  321   3                  {
  322   4                      return_state = FIFO_CLEAR_UNDO;                                 // ЧхПеВйзїЮДЭъГЩ
  323   4                      break;
  324   4                  }
  325   3                  fifo->execution |= FIFO_CLEAR;                                      // ЧхПезїжУЮЛ
  326   3                  fifo_end_offset(fifo, 1);                                           // вЦЖЏ FIFO ЭЗжИеы
  327   3                  fifo->reamin_size += 1;                                                    // ЪЭЗХЖдгІГЄЖШПеМ
             -ф
  328   3                  fifo->execution &= ~FIFO_CLEAR;                                     // ЧхПезїИДЮЛ
  329   3              }
  330   2          }while(0);
  331   1      
  332   1          return return_state;
  333   1      }
  334          
  335          //-------------------------------------------------------------------------------------------------------
             -------------
  336          // КЏЪ§МђНщ     Дг FIFO ЖСШЁЪ§Он
  337          // ВЮЪ§ЫЕУї     *fifo               FIFO ЖдЯѓжИеы
  338          // ВЮЪ§ЫЕУї     *dat                ФПБъЛКГхЧјжИеы
  339          // ВЮЪ§ЫЕУї     *length             ЖСШЁЕФЪ§ОнГЄЖШ ШчЙћУЛгаетУДЖрЪ§ОнетРяЛсБЛаоИФ
  340          // ВЮЪ§ЫЕУї     flag                ЪЧЗёБфИќ FIFO зДЬЌ ПЩбЁдёЪЧЗёЧхПеЖСШЁЕФЪ§Он
  341          // ЗЕЛиВЮЪ§     fifo_state_enum     ВйзїзДЬЌ
  342          // ЪЙгУЪОР§     zf_log(fifo_read_buffer(&fifo, data, &length, FIFO_READ_ONLY) == FIFO_SUCCESS, "fifo_read
             -_buffer error");
  343          // БИзЂаХЯЂ
  344          //-------------------------------------------------------------------------------------------------------
             -------------
  345          fifo_state_enum fifo_read_buffer (fifo_struct *fifo, void *dat, uint32 *length, fifo_operation_enum flag)
C251 COMPILER V5.60.0,  zf_fifo                                                            01/05/25  21:08:47  PAGE 7   

  346          {
  347   1          //zf_assert(NULL != fifo);
  348   1          //zf_assert(NULL != length);
  349   1          fifo_state_enum return_state = FIFO_SUCCESS;                                // ВйзїНсЙћГѕжЕ
  350   1          uint32 temp_length = 0;
  351   1          uint32 fifo_data_length = 0;
  352   1      
  353   1          do
  354   1          {
  355   2              if(NULL == dat)
  356   2              {
  357   3                  return_state = FIFO_BUFFER_NULL;
  358   3              }
  359   2              else
  360   2              {
  361   3                  if((FIFO_RESET | FIFO_CLEAR) & fifo->execution)                     // ХаЖЯЪЧЗёЕБЧА FIFO ЪЧЗё
             -дкжДааЧхПеЛђжижУВйзї
  362   3                  {
  363   4                      *length = fifo_data_length;                                     // ОРе§ЖСШЁЕФГЄЖШ
  364   4                      return_state = FIFO_READ_UNDO;                                  // ЖСШЁВйзїЮДЭъГЩ
  365   4                      break;
  366   4                  }
  367   3      
  368   3                  fifo_data_length = fifo_used(fifo);                                 // ЛёШЁЕБЧАЪ§ОнгаЖрЩй
  369   3                  if(*length > fifo_data_length)                                      // ХаЖЯГЄЖШЪЧЗёзуЙЛ
  370   3                  {
  371   4                      *length = fifo_data_length;                                     // ОРе§ЖСШЁЕФГЄЖШ
  372   4                      return_state = FIFO_DATA_NO_ENOUGH;                             // БъжОЪ§ОнВЛЙЛ
  373   4                      if(0 == fifo_data_length)                                       // ШчЙћУЛгаЪ§Он ОЭжБНгЭЫГ
             -і
  374   4                      {
  375   5                          fifo->execution &= ~FIFO_READ;                              // ЖСВйзїИДЮЛ
  376   5                          break;
  377   5                      }
  378   4                  }
  379   3      
  380   3                  fifo->execution |= FIFO_READ;                                       // ЖСВйзїжУЮЛ
  381   3                  temp_length = fifo->max - fifo->end;                                // МЦЫуЮВжИеыОрРыЛКГхЧјЮВ
             -ЛЙгаЖрЩйПеМф
  382   3                  if(*length <= temp_length)                                          // зуЙЛвЛДЮадЖСШЁЭъБЯ
  383   3                  {
  384   4                      switch(fifo->type)
  385   4                      {
  386   5                          case FIFO_DATA_8BIT:    memcpy(dat, &(((uint8 *)fifo->buffer)[fifo->end]),  (uint16)*
             -length);        break;
  387   5                          case FIFO_DATA_16BIT:   memcpy(dat, &(((uint16 *)fifo->buffer)[fifo->end]), (uint16)*
             -length * 2);   break;
  388   5                          case FIFO_DATA_32BIT:   memcpy(dat, &(((uint32 *)fifo->buffer)[fifo->end]), (uint16)*
             -length * 4);   break;
  389   5                      }
  390   4                  }
  391   3                  else
  392   3                  {
  393   4                      switch(fifo->type)
  394   4                      {
  395   5                          case FIFO_DATA_8BIT:
  396   5                          {
  397   6                              memcpy(dat, &(((uint8 *)fifo->buffer)[fifo->end]), (uint16)temp_length);
  398   6                              memcpy(&(((uint8 *)dat)[temp_length]), fifo->buffer, (uint16)(*length - temp_leng
             -th));
  399   6                          }break;
  400   5                          case FIFO_DATA_16BIT:
  401   5                          {
  402   6                              memcpy(dat, &(((uint16 *)fifo->buffer)[fifo->end]), (uint16)(temp_length * 2));
  403   6                              memcpy(&(((uint16 *)dat)[temp_length]), fifo->buffer, (uint16)((*length - temp_le
             -ngth) * 2));
C251 COMPILER V5.60.0,  zf_fifo                                                            01/05/25  21:08:47  PAGE 8   

  404   6                          }break;
  405   5                          case FIFO_DATA_32BIT:
  406   5                          {
  407   6                              memcpy(dat, &(((uint32 *)fifo->buffer)[fifo->end]), (uint16)(temp_length * 4));
  408   6                              memcpy(&(((uint32 *)dat)[temp_length]), fifo->buffer, (uint16)((*length - temp_le
             -ngth) * 4));
  409   6                          }break;
  410   5                      }
  411   4                  }
  412   3                  fifo->execution &= ~FIFO_READ;                                      // ЖСВйзїИДЮЛ
  413   3              }
  414   2      
  415   2              if(FIFO_READ_AND_CLEAN == flag)                                         // ШчЙћбЁдёЖСШЁВЂИќИФ FIF
             -O зДЬЌ
  416   2              {
  417   3                  if((FIFO_RESET | FIFO_CLEAR | FIFO_READ) == fifo->execution)        // ВЛдк жижУ ЧхПе ЖСШЁ зД
             -ЬЌ БмУтвьГЃ
  418   3                  {
  419   4                      return_state = FIFO_CLEAR_UNDO;                                 // ЧхПеВйзїЮДЭъГЩ
  420   4                      break;
  421   4                  }
  422   3                  fifo->execution |= FIFO_CLEAR;                                      // ЧхПезїжУЮЛ
  423   3                  fifo_end_offset(fifo, *length);                                     // вЦЖЏ FIFO ЭЗжИеы
  424   3                  fifo->reamin_size += *length;                                              // ЪЭЗХЖдгІГЄЖШПеМ
             -ф
  425   3                  fifo->execution &= ~FIFO_CLEAR;                                     // ЧхПезїИДЮЛ
  426   3              }
  427   2          }while(0);
  428   1      
  429   1          return return_state;
  430   1      }
  431          
  432          //-------------------------------------------------------------------------------------------------------
             -------------
  433          // КЏЪ§МђНщ     Дг FIFO ЮВВПЖСШЁжИЖЈГЄЖШ buffer
  434          // ВЮЪ§ЫЕУї     *fifo               FIFO ЖдЯѓжИеы
  435          // ВЮЪ§ЫЕУї     *dat                ФПБъЛКГхЧјжИеы
  436          // ВЮЪ§ЫЕУї     *length             ЖСШЁЕФЪ§ОнГЄЖШ ШчЙћУЛгаетУДЖрЪ§ОнетРяЛсБЛаоИФ
  437          // ВЮЪ§ЫЕУї     flag                ЪЧЗёБфИќ FIFO зДЬЌ ПЩбЁдёЪЧЗёЧхПеЖСШЁЕФЪ§Он
  438          // ЗЕЛиВЮЪ§     fifo_state_enum     ВйзїзДЬЌ
  439          // ЪЙгУЪОР§     zf_log(fifo_read_tail_buffer(&fifo, data, &length, FIFO_READ_ONLY) == FIFO_SUCCESS, "fifo
             -_read_buffer error");
  440          // БИзЂаХЯЂ     ШчЙћЪЙгУ FIFO_READ_AND_CLEAN Вйзї НЋЛсЖЊЦњЫљгаЪ§ОнВЂЧхПеећИі FIFO
  441          //              ШчЙћЪЙгУ FIFO_READ_AND_CLEAN Вйзї НЋЛсЖЊЦњЫљгаЪ§ОнВЂЧхПеећИі FIFO
  442          //              ШчЙћЪЙгУ FIFO_READ_AND_CLEAN Вйзї НЋЛсЖЊЦњЫљгаЪ§ОнВЂЧхПеећИі FIFO
  443          //-------------------------------------------------------------------------------------------------------
             -------------
  444          fifo_state_enum fifo_read_tail_buffer (fifo_struct *fifo, void *dat, uint32 *length, fifo_operation_enum 
             -flag)
  445          {
  446   1          //zf_assert(NULL != fifo);
  447   1          //zf_assert(NULL != length);
  448   1          fifo_state_enum return_state = FIFO_SUCCESS;                                // ВйзїНсЙћГѕжЕ
  449   1          uint32 temp_length = 0;
  450   1          uint32 fifo_data_length = 0;
  451   1      
  452   1          do
  453   1          {
  454   2              if(NULL == dat)
  455   2              {
  456   3                  return_state = FIFO_BUFFER_NULL;
  457   3              }
  458   2              else
  459   2              {
  460   3                  if((FIFO_RESET | FIFO_CLEAR | FIFO_WRITE) & fifo->execution)        // ХаЖЯЪЧЗёЕБЧА FIFO ЪЧЗё
             -дкжДааЧхПеЛђжижУВйзї
C251 COMPILER V5.60.0,  zf_fifo                                                            01/05/25  21:08:47  PAGE 9   

  461   3                  {
  462   4                      *length = fifo_data_length;                                     // ОРе§ЖСШЁЕФГЄЖШ
  463   4                      return_state = FIFO_READ_UNDO;                                  // ЖСШЁВйзїЮДЭъГЩ
  464   4                      break;
  465   4                  }
  466   3      
  467   3                  fifo_data_length = fifo_used(fifo);                                 // ЛёШЁЕБЧАЪ§ОнгаЖрЩй
  468   3                  if(*length > fifo_data_length)                                      // ХаЖЯГЄЖШЪЧЗёзуЙЛ
  469   3                  {
  470   4                      *length = fifo_data_length;                                     // ОРе§ЖСШЁЕФГЄЖШ
  471   4                      return_state = FIFO_DATA_NO_ENOUGH;                             // БъжОЪ§ОнВЛЙЛ
  472   4                      if(0 == fifo_data_length)                                       // ШчЙћУЛгаЪ§Он ОЭжБНгЭЫГ
             -і
  473   4                      {
  474   5                          fifo->execution &= ~FIFO_READ;                              // ЖСВйзїИДЮЛ
  475   5                          break;
  476   5                      }
  477   4                  }
  478   3      
  479   3                  fifo->execution |= FIFO_READ;                                       // ЖСВйзїжУЮЛ
  480   3                  if((fifo->head > fifo->end) || (fifo->head >= *length))
  481   3                  {
  482   4                      switch(fifo->type)
  483   4                      {
  484   5                          case FIFO_DATA_8BIT:    memcpy(dat, &(((uint8 *)fifo->buffer)[fifo->head - *length]),
             -  (uint16)*length);     break;
  485   5                          case FIFO_DATA_16BIT:   memcpy(dat, &(((uint16 *)fifo->buffer)[fifo->head - *length])
             -, (uint16)(*length * 2));break;
  486   5                          case FIFO_DATA_32BIT:   memcpy(dat, &(((uint32 *)fifo->buffer)[fifo->head - *length])
             -, (uint16)(*length * 4));break;
  487   5                      }
  488   4                  }
  489   3                  else
  490   3                  {
  491   4                      temp_length = *length - fifo->head;                             // МЦЫуЮВжИеыОрРыЛКГхЧјЮВ
             -ЛЙгаЖрЩйПеМф
  492   4                      switch(fifo->type)
  493   4                      {
  494   5                          case FIFO_DATA_8BIT:
  495   5                          {
  496   6                              memcpy(dat, &(((uint8 *)fifo->buffer)[fifo->max - temp_length]), (uint16)temp_len
             -gth);
  497   6                              memcpy(&(((uint8 *)dat)[temp_length]), &(((uint8 *)fifo->buffer)[fifo->head - *le
             -ngth]), (uint16)(*length - temp_length));
  498   6                          }break;
  499   5                          case FIFO_DATA_16BIT:
  500   5                          {
  501   6                              memcpy(dat, &(((uint16 *)fifo->buffer)[fifo->max - temp_length]), temp_length * 2
             -);
  502   6                              memcpy(&(((uint16 *)dat)[temp_length]), &(((uint16 *)fifo->buffer)[fifo->head - *
             -length]), (uint16)((*length - temp_length) * 2));
  503   6                          }break;
  504   5                          case FIFO_DATA_32BIT:
  505   5                          {
  506   6                              memcpy(dat, &(((uint32 *)fifo->buffer)[fifo->max - temp_length]), temp_length * 4
             -);
  507   6                              memcpy(&(((uint32 *)dat)[temp_length]), &(((uint32 *)fifo->buffer)[fifo->head - *
             -length]), (uint16)((*length - temp_length) * 4));
  508   6                          }break;
  509   5                      }
  510   4                  }
  511   3                  fifo->execution &= ~FIFO_READ;                                      // ЖСВйзїИДЮЛ
  512   3              }
  513   2      
  514   2              if(FIFO_READ_AND_CLEAN == flag)                                         // ШчЙћбЁдёЖСШЁВЂИќИФ FIF
             -O зДЬЌ
C251 COMPILER V5.60.0,  zf_fifo                                                            01/05/25  21:08:47  PAGE 10  

  515   2              {
  516   3                  if((FIFO_RESET | FIFO_CLEAR | FIFO_READ) == fifo->execution)        // ВЛдк жижУ ЧхПе ЖСШЁ зД
             -ЬЌ БмУтвьГЃ
  517   3                  {
  518   4                      return_state = FIFO_CLEAR_UNDO;                                 // ЧхПеВйзїЮДЭъГЩ
  519   4                      break;
  520   4                  }
  521   3                  fifo_clear(fifo);
  522   3              }
  523   2          }while(0);
  524   1      
  525   1          return return_state;
  526   1      }
  527          
  528          //-------------------------------------------------------------------------------------------------------
             -------------
  529          // КЏЪ§МђНщ     FIFO ГѕЪМЛЏ ЙвдиЖдгІЛКГхЧј
  530          // ВЮЪ§ЫЕУї     *fifo               FIFO ЖдЯѓжИеы
  531          // ВЮЪ§ЫЕУї     type                FIFO Ъ§ОнЮЛЪ§
  532          // ВЮЪ§ЫЕУї     *buffer_addr        вЊЙвдиЕФЛКГхЧј
  533          // ВЮЪ§ЫЕУї     size                ЛКГхЧјДѓаЁ
  534          // ЗЕЛиВЮЪ§     fifo_state_enum     ВйзїзДЬЌ
  535          // ЪЙгУЪОР§     fifo_init(&user_fifo, user_buffer, 64);
  536          // БИзЂаХЯЂ
  537          //-------------------------------------------------------------------------------------------------------
             -------------
  538          fifo_state_enum fifo_init (fifo_struct *fifo, fifo_data_type_enum type, void *buffer_addr, uint32 len)
  539          {
  540   1          //zf_assert(NULL != fifo);
  541   1          fifo_state_enum return_state = FIFO_SUCCESS;
  542   1          do
  543   1          {
  544   2              fifo->buffer            = buffer_addr;
  545   2              fifo->execution         = FIFO_IDLE;
  546   2              fifo->type              = type;
  547   2              fifo->head              = 0;
  548   2              fifo->end               = 0;
  549   2              fifo->reamin_size       = len;
  550   2              fifo->max               = len;
  551   2          }while(0);
  552   1          return return_state;
  553   1      }


Module Information          Static   Overlayable
------------------------------------------------
  code size            =      6252     ------
  ecode size           =    ------     ------
  data size            =    ------     ------
  idata size           =    ------     ------
  pdata size           =    ------     ------
  xdata size           =       130     ------
  xdata-const size     =    ------     ------
  edata size           =    ------     ------
  bit size             =    ------     ------
  ebit size            =    ------     ------
  bitaddressable size  =    ------     ------
  ebitaddressable size =    ------     ------
  far data size        =    ------     ------
  huge data size       =    ------     ------
  const size           =    ------     ------
  hconst size          =    ------     ------
End of Module Information.


C251 COMPILATION COMPLETE.  0 WARNING(S),  0 ERROR(S)
